<?xml version="1.0" encoding="UTF-8"?>
<!-- Generated by org.testng.reporters.JUnitXMLReporter -->
<testsuite hostname="DESKTOP-B32GVO4" ignored="0" name="AddCustomerTest" tests="4" failures="0" timestamp="2019-12-29T16:35:14 IST" time="2.623" errors="0">
  <testcase name="addCustomerTest" time="0.956" classname="com.orgname.testcases.AddCustomerTest"/>
  <testcase name="addCustomerTest" time="0.0" classname="com.orgname.testcases.AddCustomerTest">
    <skipped/>
  </testcase> <!-- addCustomerTest -->
  <testcase name="addCustomerTest" time="0.0" classname="com.orgname.testcases.AddCustomerTest">
    <skipped/>
  </testcase> <!-- addCustomerTest -->
  <testcase name="addCustomerTest" time="0.442" classname="com.orgname.testcases.AddCustomerTest"/>
</testsuite> <!-- AddCustomerTest -->
