<?xml version="1.0" encoding="UTF-8"?>
<testng-results skipped="2" failed="0" ignored="0" total="7" passed="5">
  <reporter-output>
  </reporter-output>
  <suite name="DataDrivenBasics" duration-ms="6109" started-at="2019-12-29T16:35:10 IST" finished-at="2019-12-29T16:35:16 IST">
    <groups>
    </groups>
    <test name="BankManagerLoginTest" duration-ms="1347" started-at="2019-12-29T16:35:10 IST" finished-at="2019-12-29T16:35:12 IST">
      <class name="com.orgname.testcases.BankManagerLoginTest">
        <test-method status="PASS" signature="bankManagerLoginTest()[pri:0, instance:com.orgname.testcases.BankManagerLoginTest@342c38f8]" name="bankManagerLoginTest" duration-ms="345" started-at="2019-12-29T16:35:10 IST" finished-at="2019-12-29T16:35:11 IST">
          <reporter-output>
          </reporter-output>
        </test-method> <!-- bankManagerLoginTest -->
      </class> <!-- com.orgname.testcases.BankManagerLoginTest -->
    </test> <!-- BankManagerLoginTest -->
    <test name="AddCustomerTest" duration-ms="2623" started-at="2019-12-29T16:35:12 IST" finished-at="2019-12-29T16:35:14 IST">
      <class name="com.orgname.testcases.AddCustomerTest">
        <test-method status="PASS" signature="addCustomerTest(java.util.Hashtable)[pri:0, instance:com.orgname.testcases.AddCustomerTest@7bab3f1a]" name="addCustomerTest" duration-ms="956" started-at="2019-12-29T16:35:12 IST" data-provider="dp" finished-at="2019-12-29T16:35:13 IST">
          <params>
            <param index="0">
              <value>
                <![CDATA[{postCode=411057.0, lastName=Sartabe, runMode=Y, firstName=Akshay, alertText=Customer added successfully}]]>
              </value>
            </param>
          </params>
          <reporter-output>
          </reporter-output>
        </test-method> <!-- addCustomerTest -->
        <test-method status="SKIP" signature="addCustomerTest(java.util.Hashtable)[pri:0, instance:com.orgname.testcases.AddCustomerTest@7bab3f1a]" name="addCustomerTest" duration-ms="0" started-at="2019-12-29T16:35:13 IST" data-provider="dp" finished-at="2019-12-29T16:35:13 IST">
          <params>
            <param index="0">
              <value>
                <![CDATA[{postCode=445001.0, lastName=Sartabe, runMode=N, firstName=Aditya, alertText=Customer added successfully}]]>
              </value>
            </param>
          </params>
          <exception class="org.testng.SkipException">
            <message>
              <![CDATA[Skipping the test case as the run mode is NO]]>
            </message>
            <full-stacktrace>
              <![CDATA[org.testng.SkipException: Skipping the test case as the run mode is NO
at com.orgname.testcases.AddCustomerTest.addCustomerTest(AddCustomerTest.java:87)
at sun.reflect.NativeMethodAccessorImpl.invoke0(Native Method)
at sun.reflect.NativeMethodAccessorImpl.invoke(NativeMethodAccessorImpl.java:62)
at sun.reflect.DelegatingMethodAccessorImpl.invoke(DelegatingMethodAccessorImpl.java:43)
at java.lang.reflect.Method.invoke(Method.java:498)
at org.testng.internal.MethodInvocationHelper.invokeMethod(MethodInvocationHelper.java:134)
at org.testng.internal.TestInvoker.invokeMethod(TestInvoker.java:597)
at org.testng.internal.TestInvoker.invokeTestMethod(TestInvoker.java:173)
at org.testng.internal.MethodRunner.runInSequence(MethodRunner.java:46)
at org.testng.internal.TestInvoker$MethodInvocationAgent.invoke(TestInvoker.java:816)
at org.testng.internal.TestInvoker.invokeTestMethods(TestInvoker.java:146)
at org.testng.internal.TestMethodWorker.invokeTestMethods(TestMethodWorker.java:146)
at org.testng.internal.TestMethodWorker.run(TestMethodWorker.java:128)
at java.util.ArrayList.forEach(ArrayList.java:1257)
at org.testng.TestRunner.privateRun(TestRunner.java:766)
at org.testng.TestRunner.run(TestRunner.java:587)
at org.testng.SuiteRunner.runTest(SuiteRunner.java:384)
at org.testng.SuiteRunner.runSequentially(SuiteRunner.java:378)
at org.testng.SuiteRunner.privateRun(SuiteRunner.java:337)
at org.testng.SuiteRunner.run(SuiteRunner.java:286)
at org.testng.SuiteRunnerWorker.runSuite(SuiteRunnerWorker.java:53)
at org.testng.SuiteRunnerWorker.run(SuiteRunnerWorker.java:96)
at org.testng.TestNG.runSuitesSequentially(TestNG.java:1187)
at org.testng.TestNG.runSuitesLocally(TestNG.java:1109)
at org.testng.TestNG.runSuites(TestNG.java:1039)
at org.testng.TestNG.run(TestNG.java:1007)
at org.apache.maven.surefire.testng.TestNGExecutor.run(TestNGExecutor.java:283)
at org.apache.maven.surefire.testng.TestNGXmlTestSuite.execute(TestNGXmlTestSuite.java:75)
at org.apache.maven.surefire.testng.TestNGProvider.invoke(TestNGProvider.java:120)
at org.apache.maven.surefire.booter.ForkedBooter.invokeProviderInSameClassLoader(ForkedBooter.java:384)
at org.apache.maven.surefire.booter.ForkedBooter.runSuitesInProcess(ForkedBooter.java:345)
at org.apache.maven.surefire.booter.ForkedBooter.execute(ForkedBooter.java:126)
at org.apache.maven.surefire.booter.ForkedBooter.main(ForkedBooter.java:418)
]]>
            </full-stacktrace>
          </exception> <!-- org.testng.SkipException -->
          <reporter-output>
          </reporter-output>
        </test-method> <!-- addCustomerTest -->
        <test-method status="SKIP" signature="addCustomerTest(java.util.Hashtable)[pri:0, instance:com.orgname.testcases.AddCustomerTest@7bab3f1a]" name="addCustomerTest" duration-ms="0" started-at="2019-12-29T16:35:13 IST" data-provider="dp" finished-at="2019-12-29T16:35:13 IST">
          <params>
            <param index="0">
              <value>
                <![CDATA[{postCode=145465.0, lastName=Test, runMode=N, firstName=Test, alertText=Customer added successfully}]]>
              </value>
            </param>
          </params>
          <exception class="org.testng.SkipException">
            <message>
              <![CDATA[Skipping the test case as the run mode is NO]]>
            </message>
            <full-stacktrace>
              <![CDATA[org.testng.SkipException: Skipping the test case as the run mode is NO
at com.orgname.testcases.AddCustomerTest.addCustomerTest(AddCustomerTest.java:87)
at sun.reflect.NativeMethodAccessorImpl.invoke0(Native Method)
at sun.reflect.NativeMethodAccessorImpl.invoke(NativeMethodAccessorImpl.java:62)
at sun.reflect.DelegatingMethodAccessorImpl.invoke(DelegatingMethodAccessorImpl.java:43)
at java.lang.reflect.Method.invoke(Method.java:498)
at org.testng.internal.MethodInvocationHelper.invokeMethod(MethodInvocationHelper.java:134)
at org.testng.internal.TestInvoker.invokeMethod(TestInvoker.java:597)
at org.testng.internal.TestInvoker.invokeTestMethod(TestInvoker.java:173)
at org.testng.internal.MethodRunner.runInSequence(MethodRunner.java:46)
at org.testng.internal.TestInvoker$MethodInvocationAgent.invoke(TestInvoker.java:816)
at org.testng.internal.TestInvoker.invokeTestMethods(TestInvoker.java:146)
at org.testng.internal.TestMethodWorker.invokeTestMethods(TestMethodWorker.java:146)
at org.testng.internal.TestMethodWorker.run(TestMethodWorker.java:128)
at java.util.ArrayList.forEach(ArrayList.java:1257)
at org.testng.TestRunner.privateRun(TestRunner.java:766)
at org.testng.TestRunner.run(TestRunner.java:587)
at org.testng.SuiteRunner.runTest(SuiteRunner.java:384)
at org.testng.SuiteRunner.runSequentially(SuiteRunner.java:378)
at org.testng.SuiteRunner.privateRun(SuiteRunner.java:337)
at org.testng.SuiteRunner.run(SuiteRunner.java:286)
at org.testng.SuiteRunnerWorker.runSuite(SuiteRunnerWorker.java:53)
at org.testng.SuiteRunnerWorker.run(SuiteRunnerWorker.java:96)
at org.testng.TestNG.runSuitesSequentially(TestNG.java:1187)
at org.testng.TestNG.runSuitesLocally(TestNG.java:1109)
at org.testng.TestNG.runSuites(TestNG.java:1039)
at org.testng.TestNG.run(TestNG.java:1007)
at org.apache.maven.surefire.testng.TestNGExecutor.run(TestNGExecutor.java:283)
at org.apache.maven.surefire.testng.TestNGXmlTestSuite.execute(TestNGXmlTestSuite.java:75)
at org.apache.maven.surefire.testng.TestNGProvider.invoke(TestNGProvider.java:120)
at org.apache.maven.surefire.booter.ForkedBooter.invokeProviderInSameClassLoader(ForkedBooter.java:384)
at org.apache.maven.surefire.booter.ForkedBooter.runSuitesInProcess(ForkedBooter.java:345)
at org.apache.maven.surefire.booter.ForkedBooter.execute(ForkedBooter.java:126)
at org.apache.maven.surefire.booter.ForkedBooter.main(ForkedBooter.java:418)
]]>
            </full-stacktrace>
          </exception> <!-- org.testng.SkipException -->
          <reporter-output>
          </reporter-output>
        </test-method> <!-- addCustomerTest -->
        <test-method status="PASS" signature="addCustomerTest(java.util.Hashtable)[pri:0, instance:com.orgname.testcases.AddCustomerTest@7bab3f1a]" name="addCustomerTest" duration-ms="442" started-at="2019-12-29T16:35:13 IST" data-provider="dp" finished-at="2019-12-29T16:35:14 IST">
          <params>
            <param index="0">
              <value>
                <![CDATA[{postCode=154668.0, lastName=Nayyar, runMode=Y, firstName=Kunal, alertText=Customer added successfully}]]>
              </value>
            </param>
          </params>
          <reporter-output>
          </reporter-output>
        </test-method> <!-- addCustomerTest -->
      </class> <!-- com.orgname.testcases.AddCustomerTest -->
    </test> <!-- AddCustomerTest -->
    <test name="OpenAccountTest" duration-ms="2062" started-at="2019-12-29T16:35:14 IST" finished-at="2019-12-29T16:35:16 IST">
      <class name="com.orgname.testcases.OpenAccountTest">
        <test-method status="PASS" signature="setUp()[pri:0, instance:com.orgname.testcases.OpenAccountTest@67f639d3]" name="setUp" is-config="true" duration-ms="29819" started-at="2019-12-29T16:34:40 IST" finished-at="2019-12-29T16:35:10 IST">
          <reporter-output>
          </reporter-output>
        </test-method> <!-- setUp -->
        <test-method status="PASS" signature="openAccountTest(java.util.Hashtable)[pri:0, instance:com.orgname.testcases.OpenAccountTest@67f639d3]" name="openAccountTest" duration-ms="667" started-at="2019-12-29T16:35:14 IST" data-provider="dp" finished-at="2019-12-29T16:35:15 IST">
          <params>
            <param index="0">
              <value>
                <![CDATA[{currency=Rupee, customer=Akshay Sartabe, alertText=Account created successfully}]]>
              </value>
            </param>
          </params>
          <reporter-output>
          </reporter-output>
        </test-method> <!-- openAccountTest -->
        <test-method status="PASS" signature="openAccountTest(java.util.Hashtable)[pri:0, instance:com.orgname.testcases.OpenAccountTest@67f639d3]" name="openAccountTest" duration-ms="505" started-at="2019-12-29T16:35:16 IST" data-provider="dp" finished-at="2019-12-29T16:35:16 IST">
          <params>
            <param index="0">
              <value>
                <![CDATA[{currency=Rupee, customer=Kunal Nayyar, alertText=Account created successfully}]]>
              </value>
            </param>
          </params>
          <reporter-output>
          </reporter-output>
        </test-method> <!-- openAccountTest -->
        <test-method status="PASS" signature="tearDown()[pri:0, instance:com.orgname.testcases.OpenAccountTest@67f639d3]" name="tearDown" is-config="true" duration-ms="833" started-at="2019-12-29T16:35:16 IST" finished-at="2019-12-29T16:35:17 IST">
          <reporter-output>
          </reporter-output>
        </test-method> <!-- tearDown -->
      </class> <!-- com.orgname.testcases.OpenAccountTest -->
    </test> <!-- OpenAccountTest -->
  </suite> <!-- DataDrivenBasics -->
</testng-results>
