<?xml version="1.0" encoding="UTF-8"?>
<!-- Generated by org.testng.reporters.JUnitXMLReporter -->
<testsuite hostname="DESKTOP-B32GVO4" ignored="0" name="LoginTest" tests="1" failures="1" timestamp="2019-10-02T00:34:04 IST" time="10.253" errors="0">
  <testcase name="loginAsBankManager" time="10.19" classname="com.orgname.testcases.LoginTest">
    <failure type="java.lang.AssertionError" message="Login not successful did not expect to find [true] but found [false]">
      <![CDATA[java.lang.AssertionError: Login not successful did not expect to find [true] but found [false]
at com.orgname.testcases.LoginTest.loginAsBankManager(LoginTest.java:15)
at java.util.ArrayList.forEach(Unknown Source)
... Removed 30 stack frames]]>
    </failure>
  </testcase> <!-- loginAsBankManager -->
</testsuite> <!-- LoginTest -->
