<?xml version="1.0" encoding="UTF-8"?>
<!-- Generated by org.testng.reporters.JUnitReportReporter -->
<testsuite skipped="2" hostname="DESKTOP-B32GVO4" name="com.orgname.testcases.AddCustomerTest" tests="4" failures="0" timestamp="2019-12-29T16:35:18 IST" time="1.398" errors="0">
  <testcase name="addCustomerTest" time="0.000" classname="com.orgname.testcases.AddCustomerTest">
    <skipped/>
  </testcase> <!-- addCustomerTest -->
  <system-out/>
  <testcase name="addCustomerTest" time="0.000" classname="com.orgname.testcases.AddCustomerTest">
    <skipped/>
  </testcase> <!-- addCustomerTest -->
  <system-out/>
  <testcase name="addCustomerTest" time="0.442" classname="com.orgname.testcases.AddCustomerTest"/>
  <system-out/>
  <testcase name="addCustomerTest" time="0.956" classname="com.orgname.testcases.AddCustomerTest"/>
  <system-out/>
</testsuite> <!-- com.orgname.testcases.AddCustomerTest -->
