<?xml version="1.0" encoding="UTF-8"?>
<!-- Generated by org.testng.reporters.JUnitReportReporter -->
<testsuite skipped="0" hostname="DESKTOP-B32GVO4" name="com.orgname.testcases.OpenAccountTest" tests="2" failures="0" timestamp="2019-12-29T16:35:18 IST" time="1.172" errors="0">
  <testcase name="openAccountTest" time="0.667" classname="com.orgname.testcases.OpenAccountTest"/>
  <system-out/>
  <testcase name="openAccountTest" time="0.505" classname="com.orgname.testcases.OpenAccountTest"/>
  <system-out/>
</testsuite> <!-- com.orgname.testcases.OpenAccountTest -->
