<?xml version="1.0" encoding="UTF-8"?>
<testsuite name="AddCustomerTest"
           tests="4"
           failures="0"
           errors="0"
           skipped="2"
           time="1.398">
  <properties />
  
            <testcase name="addCustomerTest" time="0.0" classname="com.orgname.testcases.AddCustomerTest">
          <skipped />
    </testcase>
            <testcase name="addCustomerTest" time="0.0" classname="com.orgname.testcases.AddCustomerTest">
          <skipped />
    </testcase>
  
            <testcase name="addCustomerTest" time="0.442" classname="com.orgname.testcases.AddCustomerTest" />
                <testcase name="addCustomerTest" time="0.956" classname="com.orgname.testcases.AddCustomerTest" />
      
</testsuite>
